{"/home/project/src/api/authApi.js": {"path":"/home/project/src/api/authApi.js","statementMap":{"0":{"start":{"line":5,"column":16},"end":{"line":10,"column":2}},"1":{"start":{"line":13,"column":0},"end":{"line":22,"column":1}},"2":{"start":{"line":15,"column":18},"end":{"line":15,"column":47}},"3":{"start":{"line":16,"column":4},"end":{"line":18,"column":5}},"4":{"start":{"line":17,"column":6},"end":{"line":17,"column":54}},"5":{"start":{"line":19,"column":4},"end":{"line":19,"column":17}},"6":{"start":{"line":21,"column":13},"end":{"line":21,"column":34}},"7":{"start":{"line":25,"column":28},"end":{"line":32,"column":1}},"8":{"start":{"line":26,"column":2},"end":{"line":31,"column":3}},"9":{"start":{"line":27,"column":21},"end":{"line":27,"column":73}},"10":{"start":{"line":28,"column":4},"end":{"line":28,"column":24}},"11":{"start":{"line":30,"column":4},"end":{"line":30,"column":68}},"12":{"start":{"line":35,"column":25},"end":{"line":42,"column":1}},"13":{"start":{"line":36,"column":2},"end":{"line":41,"column":3}},"14":{"start":{"line":37,"column":21},"end":{"line":37,"column":76}},"15":{"start":{"line":38,"column":4},"end":{"line":38,"column":24}},"16":{"start":{"line":40,"column":4},"end":{"line":40,"column":61}},"17":{"start":{"line":45,"column":30},"end":{"line":52,"column":1}},"18":{"start":{"line":46,"column":2},"end":{"line":51,"column":3}},"19":{"start":{"line":47,"column":21},"end":{"line":47,"column":58}},"20":{"start":{"line":48,"column":4},"end":{"line":48,"column":24}},"21":{"start":{"line":50,"column":4},"end":{"line":50,"column":77}},"22":{"start":{"line":55,"column":29},"end":{"line":62,"column":1}},"23":{"start":{"line":56,"column":2},"end":{"line":61,"column":3}},"24":{"start":{"line":57,"column":21},"end":{"line":57,"column":70}},"25":{"start":{"line":58,"column":4},"end":{"line":58,"column":24}},"26":{"start":{"line":60,"column":4},"end":{"line":60,"column":72}}},"fnMap":{"0":{"name":"(anonymous_0)","decl":{"start":{"line":14,"column":2},"end":{"line":14,"column":3}},"loc":{"start":{"line":14,"column":14},"end":{"line":20,"column":3}},"line":14},"1":{"name":"(anonymous_1)","decl":{"start":{"line":21,"column":2},"end":{"line":21,"column":3}},"loc":{"start":{"line":21,"column":13},"end":{"line":21,"column":34}},"line":21},"2":{"name":"(anonymous_2)","decl":{"start":{"line":25,"column":28},"end":{"line":25,"column":29}},"loc":{"start":{"line":25,"column":48},"end":{"line":32,"column":1}},"line":25},"3":{"name":"(anonymous_3)","decl":{"start":{"line":35,"column":25},"end":{"line":35,"column":26}},"loc":{"start":{"line":35,"column":48},"end":{"line":42,"column":1}},"line":35},"4":{"name":"(anonymous_4)","decl":{"start":{"line":45,"column":30},"end":{"line":45,"column":31}},"loc":{"start":{"line":45,"column":42},"end":{"line":52,"column":1}},"line":45},"5":{"name":"(anonymous_5)","decl":{"start":{"line":55,"column":29},"end":{"line":55,"column":30}},"loc":{"start":{"line":55,"column":41},"end":{"line":62,"column":1}},"line":55}},"branchMap":{"0":{"loc":{"start":{"line":16,"column":4},"end":{"line":18,"column":5}},"type":"if","locations":[{"start":{"line":16,"column":4},"end":{"line":18,"column":5}},{"start":{},"end":{}}],"line":16},"1":{"loc":{"start":{"line":30,"column":10},"end":{"line":30,"column":68}},"type":"binary-expr","locations":[{"start":{"line":30,"column":10},"end":{"line":30,"column":30}},{"start":{"line":30,"column":34},"end":{"line":30,"column":68}}],"line":30},"2":{"loc":{"start":{"line":40,"column":10},"end":{"line":40,"column":61}},"type":"binary-expr","locations":[{"start":{"line":40,"column":10},"end":{"line":40,"column":30}},{"start":{"line":40,"column":34},"end":{"line":40,"column":61}}],"line":40},"3":{"loc":{"start":{"line":50,"column":10},"end":{"line":50,"column":77}},"type":"binary-expr","locations":[{"start":{"line":50,"column":10},"end":{"line":50,"column":30}},{"start":{"line":50,"column":34},"end":{"line":50,"column":77}}],"line":50},"4":{"loc":{"start":{"line":60,"column":10},"end":{"line":60,"column":72}},"type":"binary-expr","locations":[{"start":{"line":60,"column":10},"end":{"line":60,"column":30}},{"start":{"line":60,"column":34},"end":{"line":60,"column":72}}],"line":60}},"s":{"0":0,"1":0,"2":0,"3":0,"4":0,"5":0,"6":0,"7":0,"8":0,"9":0,"10":0,"11":0,"12":0,"13":0,"14":0,"15":0,"16":0,"17":0,"18":0,"19":0,"20":0,"21":0,"22":0,"23":0,"24":0,"25":0,"26":0},"f":{"0":0,"1":0,"2":0,"3":0,"4":0,"5":0},"b":{"0":[0,0],"1":[0,0],"2":[0,0],"3":[0,0],"4":[0,0]}}
,"/home/project/src/api/resumeApi.js": {"path":"/home/project/src/api/resumeApi.js","statementMap":{"0":{"start":{"line":5,"column":18},"end":{"line":10,"column":2}},"1":{"start":{"line":13,"column":0},"end":{"line":22,"column":1}},"2":{"start":{"line":15,"column":18},"end":{"line":15,"column":47}},"3":{"start":{"line":16,"column":4},"end":{"line":18,"column":5}},"4":{"start":{"line":17,"column":6},"end":{"line":17,"column":54}},"5":{"start":{"line":19,"column":4},"end":{"line":19,"column":17}},"6":{"start":{"line":21,"column":13},"end":{"line":21,"column":34}},"7":{"start":{"line":25,"column":28},"end":{"line":32,"column":1}},"8":{"start":{"line":26,"column":2},"end":{"line":31,"column":3}},"9":{"start":{"line":27,"column":21},"end":{"line":27,"column":70}},"10":{"start":{"line":28,"column":4},"end":{"line":28,"column":24}},"11":{"start":{"line":30,"column":4},"end":{"line":30,"column":69}},"12":{"start":{"line":35,"column":31},"end":{"line":42,"column":1}},"13":{"start":{"line":36,"column":2},"end":{"line":41,"column":3}},"14":{"start":{"line":37,"column":21},"end":{"line":37,"column":89}},"15":{"start":{"line":38,"column":4},"end":{"line":38,"column":24}},"16":{"start":{"line":40,"column":4},"end":{"line":40,"column":78}},"17":{"start":{"line":45,"column":23},"end":{"line":52,"column":1}},"18":{"start":{"line":46,"column":2},"end":{"line":51,"column":3}},"19":{"start":{"line":47,"column":21},"end":{"line":47,"column":81}},"20":{"start":{"line":48,"column":4},"end":{"line":48,"column":24}},"21":{"start":{"line":50,"column":4},"end":{"line":50,"column":67}},"22":{"start":{"line":55,"column":28},"end":{"line":62,"column":1}},"23":{"start":{"line":56,"column":2},"end":{"line":61,"column":3}},"24":{"start":{"line":57,"column":21},"end":{"line":57,"column":63}},"25":{"start":{"line":58,"column":4},"end":{"line":58,"column":24}},"26":{"start":{"line":60,"column":4},"end":{"line":60,"column":75}}},"fnMap":{"0":{"name":"(anonymous_0)","decl":{"start":{"line":14,"column":2},"end":{"line":14,"column":3}},"loc":{"start":{"line":14,"column":14},"end":{"line":20,"column":3}},"line":14},"1":{"name":"(anonymous_1)","decl":{"start":{"line":21,"column":2},"end":{"line":21,"column":3}},"loc":{"start":{"line":21,"column":13},"end":{"line":21,"column":34}},"line":21},"2":{"name":"(anonymous_2)","decl":{"start":{"line":25,"column":28},"end":{"line":25,"column":29}},"loc":{"start":{"line":25,"column":48},"end":{"line":32,"column":1}},"line":25},"3":{"name":"(anonymous_3)","decl":{"start":{"line":35,"column":31},"end":{"line":35,"column":32}},"loc":{"start":{"line":35,"column":61},"end":{"line":42,"column":1}},"line":35},"4":{"name":"(anonymous_4)","decl":{"start":{"line":45,"column":23},"end":{"line":45,"column":24}},"loc":{"start":{"line":45,"column":40},"end":{"line":52,"column":1}},"line":45},"5":{"name":"(anonymous_5)","decl":{"start":{"line":55,"column":28},"end":{"line":55,"column":29}},"loc":{"start":{"line":55,"column":40},"end":{"line":62,"column":1}},"line":55}},"branchMap":{"0":{"loc":{"start":{"line":16,"column":4},"end":{"line":18,"column":5}},"type":"if","locations":[{"start":{"line":16,"column":4},"end":{"line":18,"column":5}},{"start":{},"end":{}}],"line":16},"1":{"loc":{"start":{"line":30,"column":10},"end":{"line":30,"column":69}},"type":"binary-expr","locations":[{"start":{"line":30,"column":10},"end":{"line":30,"column":30}},{"start":{"line":30,"column":34},"end":{"line":30,"column":69}}],"line":30},"2":{"loc":{"start":{"line":35,"column":38},"end":{"line":35,"column":46}},"type":"default-arg","locations":[{"start":{"line":35,"column":45},"end":{"line":35,"column":46}}],"line":35},"3":{"loc":{"start":{"line":35,"column":48},"end":{"line":35,"column":56}},"type":"default-arg","locations":[{"start":{"line":35,"column":55},"end":{"line":35,"column":56}}],"line":35},"4":{"loc":{"start":{"line":40,"column":10},"end":{"line":40,"column":78}},"type":"binary-expr","locations":[{"start":{"line":40,"column":10},"end":{"line":40,"column":30}},{"start":{"line":40,"column":34},"end":{"line":40,"column":78}}],"line":40},"5":{"loc":{"start":{"line":50,"column":10},"end":{"line":50,"column":67}},"type":"binary-expr","locations":[{"start":{"line":50,"column":10},"end":{"line":50,"column":30}},{"start":{"line":50,"column":34},"end":{"line":50,"column":67}}],"line":50},"6":{"loc":{"start":{"line":60,"column":10},"end":{"line":60,"column":75}},"type":"binary-expr","locations":[{"start":{"line":60,"column":10},"end":{"line":60,"column":30}},{"start":{"line":60,"column":34},"end":{"line":60,"column":75}}],"line":60}},"s":{"0":0,"1":0,"2":0,"3":0,"4":0,"5":0,"6":0,"7":0,"8":0,"9":0,"10":0,"11":0,"12":0,"13":0,"14":0,"15":0,"16":0,"17":0,"18":0,"19":0,"20":0,"21":0,"22":0,"23":0,"24":0,"25":0,"26":0},"f":{"0":0,"1":0,"2":0,"3":0,"4":0,"5":0},"b":{"0":[0,0],"1":[0,0],"2":[0],"3":[0],"4":[0,0],"5":[0,0],"6":[0,0]}}
,"/home/project/src/config/constants.js": {"path":"/home/project/src/config/constants.js","statementMap":{"0":{"start":{"line":2,"column":23},"end":{"line":2,"column":50}},"1":{"start":{"line":5,"column":25},"end":{"line":5,"column":32}},"2":{"start":{"line":6,"column":24},"end":{"line":6,"column":30}},"3":{"start":{"line":9,"column":22},"end":{"line":18,"column":1}},"4":{"start":{"line":21,"column":30},"end":{"line":27,"column":1}},"5":{"start":{"line":30,"column":32},"end":{"line":35,"column":1}}},"fnMap":{},"branchMap":{},"s":{"0":0,"1":0,"2":0,"3":0,"4":0,"5":0},"f":{},"b":{}}
,"/home/project/src/utils/authUtils.js": {"path":"/home/project/src/utils/authUtils.js","statementMap":{"0":{"start":{"line":3,"column":28},"end":{"line":14,"column":1}},"1":{"start":{"line":4,"column":2},"end":{"line":4,"column":26}},"2":{"start":{"line":4,"column":14},"end":{"line":4,"column":26}},"3":{"start":{"line":6,"column":2},"end":{"line":13,"column":3}},"4":{"start":{"line":7,"column":20},"end":{"line":7,"column":36}},"5":{"start":{"line":8,"column":24},"end":{"line":8,"column":41}},"6":{"start":{"line":9,"column":4},"end":{"line":9,"column":36}},"7":{"start":{"line":11,"column":4},"end":{"line":11,"column":51}},"8":{"start":{"line":12,"column":4},"end":{"line":12,"column":16}},"9":{"start":{"line":16,"column":27},"end":{"line":23,"column":1}},"10":{"start":{"line":17,"column":2},"end":{"line":22,"column":3}},"11":{"start":{"line":18,"column":4},"end":{"line":18,"column":27}},"12":{"start":{"line":20,"column":4},"end":{"line":20,"column":47}},"13":{"start":{"line":21,"column":4},"end":{"line":21,"column":15}},"14":{"start":{"line":25,"column":32},"end":{"line":37,"column":1}},"15":{"start":{"line":26,"column":2},"end":{"line":36,"column":3}},"16":{"start":{"line":27,"column":20},"end":{"line":27,"column":36}},"17":{"start":{"line":28,"column":4},"end":{"line":32,"column":5}},"18":{"start":{"line":34,"column":4},"end":{"line":34,"column":54}},"19":{"start":{"line":35,"column":4},"end":{"line":35,"column":15}},"20":{"start":{"line":39,"column":31},"end":{"line":62,"column":1}},"21":{"start":{"line":40,"column":2},"end":{"line":59,"column":3}},"22":{"start":{"line":41,"column":21},"end":{"line":41,"column":35}},"23":{"start":{"line":43,"column":4},"end":{"line":45,"column":5}},"24":{"start":{"line":44,"column":6},"end":{"line":44,"column":17}},"25":{"start":{"line":47,"column":4},"end":{"line":49,"column":5}},"26":{"start":{"line":48,"column":6},"end":{"line":48,"column":25}},"27":{"start":{"line":51,"column":4},"end":{"line":53,"column":5}},"28":{"start":{"line":52,"column":6},"end":{"line":52,"column":24}},"29":{"start":{"line":55,"column":4},"end":{"line":58,"column":5}},"30":{"start":{"line":56,"column":27},"end":{"line":56,"column":64}},"31":{"start":{"line":57,"column":6},"end":{"line":57,"column":25}},"32":{"start":{"line":61,"column":2},"end":{"line":61,"column":51}}},"fnMap":{"0":{"name":"(anonymous_0)","decl":{"start":{"line":3,"column":28},"end":{"line":3,"column":29}},"loc":{"start":{"line":3,"column":39},"end":{"line":14,"column":1}},"line":3},"1":{"name":"(anonymous_1)","decl":{"start":{"line":16,"column":27},"end":{"line":16,"column":28}},"loc":{"start":{"line":16,"column":38},"end":{"line":23,"column":1}},"line":16},"2":{"name":"(anonymous_2)","decl":{"start":{"line":25,"column":32},"end":{"line":25,"column":33}},"loc":{"start":{"line":25,"column":43},"end":{"line":37,"column":1}},"line":25},"3":{"name":"(anonymous_3)","decl":{"start":{"line":39,"column":31},"end":{"line":39,"column":32}},"loc":{"start":{"line":39,"column":42},"end":{"line":62,"column":1}},"line":39}},"branchMap":{"0":{"loc":{"start":{"line":4,"column":2},"end":{"line":4,"column":26}},"type":"if","locations":[{"start":{"line":4,"column":2},"end":{"line":4,"column":26}},{"start":{},"end":{}}],"line":4},"1":{"loc":{"start":{"line":29,"column":10},"end":{"line":29,"column":35}},"type":"binary-expr","locations":[{"start":{"line":29,"column":10},"end":{"line":29,"column":21}},{"start":{"line":29,"column":25},"end":{"line":29,"column":35}}],"line":29},"2":{"loc":{"start":{"line":40,"column":2},"end":{"line":59,"column":3}},"type":"if","locations":[{"start":{"line":40,"column":2},"end":{"line":59,"column":3}},{"start":{},"end":{}}],"line":40},"3":{"loc":{"start":{"line":40,"column":6},"end":{"line":40,"column":43}},"type":"binary-expr","locations":[{"start":{"line":40,"column":6},"end":{"line":40,"column":20}},{"start":{"line":40,"column":24},"end":{"line":40,"column":43}}],"line":40},"4":{"loc":{"start":{"line":43,"column":4},"end":{"line":45,"column":5}},"type":"if","locations":[{"start":{"line":43,"column":4},"end":{"line":45,"column":5}},{"start":{},"end":{}}],"line":43},"5":{"loc":{"start":{"line":47,"column":4},"end":{"line":49,"column":5}},"type":"if","locations":[{"start":{"line":47,"column":4},"end":{"line":49,"column":5}},{"start":{},"end":{}}],"line":47},"6":{"loc":{"start":{"line":51,"column":4},"end":{"line":53,"column":5}},"type":"if","locations":[{"start":{"line":51,"column":4},"end":{"line":53,"column":5}},{"start":{},"end":{}}],"line":51},"7":{"loc":{"start":{"line":55,"column":4},"end":{"line":58,"column":5}},"type":"if","locations":[{"start":{"line":55,"column":4},"end":{"line":58,"column":5}},{"start":{},"end":{}}],"line":55}},"s":{"0":0,"1":0,"2":0,"3":0,"4":0,"5":0,"6":0,"7":0,"8":0,"9":0,"10":0,"11":0,"12":0,"13":0,"14":0,"15":0,"16":0,"17":0,"18":0,"19":0,"20":0,"21":0,"22":0,"23":0,"24":0,"25":0,"26":0,"27":0,"28":0,"29":0,"30":0,"31":0,"32":0},"f":{"0":0,"1":0,"2":0,"3":0},"b":{"0":[0,0],"1":[0,0],"2":[0,0],"3":[0,0],"4":[0,0],"5":[0,0],"6":[0,0],"7":[0,0]}}
}
